"../../../Engine/Content/EditorBlueprintResources/StandardMacros.uasset" 0
"D:/1800005/Unit 2 Game Jam/MyProject/Content/Blueprints/Managers/FireGameInstance.uasset" 1
"../../../Engine/Content/BasicShapes/BasicShapeMaterial.uasset" 2
"D:/1800005/Unit 2 Game Jam/MyProject/Content/Models/Nature/Trees/Tree_Base.uasset" 3
"D:/1800005/Unit 2 Game Jam/MyProject/Content/Models/Nature/Trees/Tree_Secondary.uasset" 4
"../../../Engine/Content/Functions/Engine_MaterialFunctions01/Opacity/CameraDepthFade.uasset" 5
"../../../Engine/Content/EngineMaterials/T_Default_Material_Grid_M.uasset" 6
"../../../Engine/Content/EngineMaterials/T_Default_Material_Grid_N.uasset" 7
"../../../Engine/Content/EngineMaterials/WorldGridMaterial.uasset" 8
"../../../Engine/Content/BasicShapes/Cube.uasset" 9
"D:/1800005/Unit 2 Game Jam/MyProject/Content/Models/Nature/Trees/Leaves.uasset" 10
"D:/1800005/Unit 2 Game Jam/MyProject/Content/Models/Nature/Trees/Tree_A.uasset" 11
"D:/1800005/Unit 2 Game Jam/MyProject/Content/Models/Nature/Trees/Tree_A_Burnt.uasset" 12
"D:/1800005/Unit 2 Game Jam/MyProject/Content/Models/Nature/Trees/Tree_B.uasset" 13
"D:/1800005/Unit 2 Game Jam/MyProject/Content/Models/Nature/Trees/Tree_B_Burnt.uasset" 14
"D:/1800005/Unit 2 Game Jam/MyProject/Content/Particles/Fire/Base.uasset" 15
"D:/1800005/Unit 2 Game Jam/MyProject/Content/Particles/Fire/Tips.uasset" 16
"D:/1800005/Unit 2 Game Jam/MyProject/Content/Particles/Fire/Fire_Low.uasset" 17
"D:/1800005/Unit 2 Game Jam/MyProject/Content/Particles/Fire/FireParticle.uasset" 18
"D:/1800005/Unit 2 Game Jam/MyProject/Content/Particles/Fire/Base_2.uasset" 19
"D:/1800005/Unit 2 Game Jam/MyProject/Content/Particles/Fire/Tips_2.uasset" 20
"D:/1800005/Unit 2 Game Jam/MyProject/Content/Particles/Fire/Smoke_Low.uasset" 21
"D:/1800005/Unit 2 Game Jam/MyProject/Content/Particles/Fire/SmokeParticle.uasset" 22
"D:/1800005/Unit 2 Game Jam/MyProject/Content/Blueprints/Actors/Nature/Entities/FireEntity.uasset" 23
"D:/1800005/Unit 2 Game Jam/MyProject/Content/Models/Nature/Trees/lambert1.uasset" 24
"D:/1800005/Unit 2 Game Jam/MyProject/Content/Models/Nature/Trees/tree.uasset" 25
"D:/1800005/Unit 2 Game Jam/MyProject/Content/Blueprints/Actors/Nature/TreeFoliageComponent.uasset" 26
"D:/1800005/Unit 2 Game Jam/MyProject/Content/Blueprints/Actors/Nature/TreeFoliageComponent_A.uasset" 27
"D:/1800005/Unit 2 Game Jam/MyProject/Content/Blueprints/Actors/Nature/TreeFoliageComponent_B.uasset" 28
"D:/1800005/Unit 2 Game Jam/MyProject/Content/Blueprints/Actors/Nature/Tree_Base_BP.uasset" 29
"D:/1800005/Unit 2 Game Jam/MyProject/Content/Blueprints/Actors/Nature/Tree_1_BP.uasset" 30
"../../../Engine/Content/EngineMaterials/DefaultMaterial.uasset" 31
"../../../Engine/Content/BasicShapes/Cone.uasset" 32
"D:/1800005/Unit 2 Game Jam/MyProject/Content/Blueprints/Actors/Nature/Entities/WaterTester.uasset" 33
"D:/1800005/Unit 2 Game Jam/MyProject/Content/Blueprints/Actors/Tools/Tool_Base_BP.uasset" 34
"D:/1800005/Unit 2 Game Jam/MyProject/Content/Models/Tools/Gardener_Tools/Fabric.uasset" 35
"D:/1800005/Unit 2 Game Jam/MyProject/Content/Models/Tools/Gardener_Tools/Metal.uasset" 36
"D:/1800005/Unit 2 Game Jam/MyProject/Content/Models/Tools/Gardener_Tools/Wood.uasset" 37
"D:/1800005/Unit 2 Game Jam/MyProject/Content/Models/Tools/Gardener_Tools/AXE.uasset" 38
"D:/1800005/Unit 2 Game Jam/MyProject/Content/Blueprints/Actors/Tools/Axe_BP.uasset" 39
"D:/1800005/Unit 2 Game Jam/MyProject/Content/Blueprints/Characters/Tube.uasset" 40
"D:/1800005/Unit 2 Game Jam/MyProject/Content/Blueprints/Managers/BlueprintCameraManager.uasset" 41
"D:/1800005/Unit 2 Game Jam/MyProject/Content/Models/Nature/Grass/1.uasset" 42
"D:/1800005/Unit 2 Game Jam/MyProject/Content/Models/Nature/Grass/1_Mat.uasset" 43
"D:/1800005/Unit 2 Game Jam/MyProject/Content/Models/Nature/Misc/Nails.uasset" 44
"D:/1800005/Unit 2 Game Jam/MyProject/Content/Models/Nature/Misc/painted_wood.uasset" 45
"D:/1800005/Unit 2 Game Jam/MyProject/Content/Models/Nature/Misc/Fence_Broken.uasset" 46
"D:/1800005/Unit 2 Game Jam/MyProject/Content/Models/Nature/Misc/blinn1.uasset" 47
"D:/1800005/Unit 2 Game Jam/MyProject/Content/Models/Nature/Misc/lambert2.uasset" 48
"D:/1800005/Unit 2 Game Jam/MyProject/Content/Models/Nature/Misc/Fence_Damaged.uasset" 49
"D:/1800005/Unit 2 Game Jam/MyProject/Content/Models/Players/M_all.uasset" 50
"D:/1800005/Unit 2 Game Jam/MyProject/Content/Models/Players/M_fire_fighter.uasset" 51
"D:/1800005/Unit 2 Game Jam/MyProject/Content/Models/Players/SM_fireman_02_ver.uasset" 52
"D:/1800005/Unit 2 Game Jam/MyProject/Content/Particles/Fire/blinn1.uasset" 53
"D:/1800005/Unit 2 Game Jam/MyProject/Content/Particles/Fire/FIRE.uasset" 54
"../../../Engine/Content/EngineMaterials/BaseFlattenDiffuseMap.uasset" 55
"../../../Engine/Content/EngineMaterials/BaseFlattenEmissiveMap.uasset" 56
"../../../Engine/Content/EngineMaterials/BaseFlattenGrayscaleMap.uasset" 57
"../../../Engine/Content/EngineMaterials/BaseFlattenNormalMap.uasset" 58
"../../../Engine/Content/EngineMaterials/NewBaseFlattenMaterial.uasset" 59
"D:/1800005/Unit 2 Game Jam/MyProject/Content/Particles/Fire/M_FIRE_blinn1_E7F963694AFD508418EF2BB927DFF90A.uasset" 60
"D:/1800005/Unit 2 Game Jam/MyProject/Content/Particles/Water/Waterfall_Texture.uasset" 61
"D:/1800005/Unit 2 Game Jam/MyProject/Content/Particles/Water/Water_M.uasset" 62
"../../../Engine/Content/Animation/DefaultAnimCurveCompressionSettings.uasset" 63
"../../../Engine/Content/ArtTools/RenderToTexture/Meshes/S_1_Unit_Plane.uasset" 64
"../../../Engine/Content/BasicShapes/Plane.uasset" 65
"../../../Engine/Content/BasicShapes/Sphere.uasset" 66
"../../../Engine/Content/EditorLandscapeResources/DataLayer.uasset" 67
"../../../Engine/Content/EditorMaterials/GizmoMaterial.uasset" 68
"../../../Engine/Content/EditorMaterials/MAT_Groups_Toggle.uasset" 69
"../../../Engine/Content/EditorMaterials/MAT_Groups_Visibility.uasset" 70
"../../../Engine/Content/EditorMaterials/PreviewShadowIndicator.uasset" 71
"../../../Engine/Content/EditorMaterials/PreviewShadowIndicatorMaterial.uasset" 72
"../../../Engine/Content/EditorMaterials/MatineeGroups/MAT_ColorTrack.uasset" 73
"../../../Engine/Content/EditorMaterials/MatineeGroups/MAT_Groups_Anim.uasset" 74
"../../../Engine/Content/EditorMaterials/MatineeGroups/MAT_Groups_AudioMaster.uasset" 75
"../../../Engine/Content/EditorMaterials/MatineeGroups/MAT_Groups_Director.uasset" 76
"../../../Engine/Content/EditorMaterials/MatineeGroups/MAT_Groups_Event.uasset" 77
"../../../Engine/Content/EditorMaterials/MatineeGroups/MAT_Groups_Fade.uasset" 78
"../../../Engine/Content/EditorMaterials/MatineeGroups/MAT_Groups_Float.uasset" 79
"../../../Engine/Content/EditorMaterials/MatineeGroups/MAT_Groups_Move.uasset" 80
"../../../Engine/Content/EditorMaterials/MatineeGroups/MAT_Groups_Slomo.uasset" 81
"../../../Engine/Content/EditorMaterials/MatineeGroups/MAT_Groups_Sound.uasset" 82
"../../../Engine/Content/EditorMaterials/MatineeGroups/MAT_Groups_Vector.uasset" 83
"../../../Engine/Content/EditorMaterials/ParticleSystems/PSysThumbnail_NoImage.uasset" 84
"../../../Engine/Content/EditorMaterials/ParticleSystems/PSysThumbnail_OOD.uasset" 85
"../../../Engine/Content/EditorMaterials/Camera/CineMat.uasset" 86
"../../../Engine/Content/EditorMaterials/Camera/MI_CineMat_Rig.uasset" 87
"../../../Engine/Content/EditorMeshes/Camera/SM_CraneRig_Arm.uasset" 88
"../../../Engine/Content/EditorMeshes/Camera/SM_CraneRig_Base.uasset" 89
"../../../Engine/Content/EditorMeshes/Camera/SM_CraneRig_Body.uasset" 90
"../../../Engine/Content/EditorMeshes/Camera/SM_CraneRig_Mount.uasset" 91
"../../../Engine/Content/EditorMeshes/Camera/SM_RailRig_Mount.uasset" 92
"../../../Engine/Content/EditorMeshes/Camera/SM_RailRig_Track.uasset" 93
"../../../Engine/Content/EditorResources/BSPVertex.uasset" 94
"../../../Engine/Content/EditorResources/EmptyActor.uasset" 95
"../../../Engine/Content/EditorResources/S_Actor.uasset" 96
"../../../Engine/Content/EditorResources/S_Note.uasset" 97
"../../../Engine/Content/EditorResources/S_Solver.uasset" 98
"../../../Engine/Content/EditorResources/S_Trigger.uasset" 99
"../../../Engine/Content/EditorResources/LightIcons/S_LightError.uasset" 100
"../../../Engine/Content/EditorResources/SequenceRecorder/Countdown.uasset" 101
"../../../Engine/Content/EditorResources/SequenceRecorder/RecordingIndicator.uasset" 102
"../../../Engine/Content/EditorSounds/Notifications/CompileFailed.uasset" 103
"../../../Engine/Content/EditorSounds/Notifications/CompileFailed_Cue.uasset" 104
"../../../Engine/Content/EditorSounds/Notifications/CompileSuccess.uasset" 105
"../../../Engine/Content/EditorSounds/Notifications/CompileStart_Cue.uasset" 106
"../../../Engine/Content/EditorSounds/Notifications/CompileSuccess_Cue.uasset" 107
"../../../Engine/Content/EngineDamageTypes/DmgTypeBP_Environmental.uasset" 108
"../../../Engine/Content/EngineDebugMaterials/HeatmapGradient.uasset" 109
"../../../Engine/Content/EngineDebugMaterials/BoneWeightMaterial.uasset" 110
"../../../Engine/Content/EngineDebugMaterials/ClothMaterial.uasset" 111
"../../../Engine/Content/EngineDebugMaterials/ClothMaterial_WF.uasset" 112
"../../../Engine/Content/EngineDebugMaterials/DebugEditorMaterial.uasset" 113
"../../../Engine/Content/EngineDebugMaterials/DebugMeshMaterial.uasset" 114
"../../../Engine/Content/EngineDebugMaterials/GeomMaterial.uasset" 115
"../../../Engine/Content/EngineDebugMaterials/M_SimpleTranslucent.uasset" 116
"../../../Engine/Content/Functions/Engine_MaterialFunctions02/Utility/CameraDirectionVector.uasset" 117
"../../../Engine/Content/EngineDebugMaterials/VolumeToRender.uasset" 118
"../../../Engine/Content/EngineDebugMaterials/M_VolumeRenderSphereTracePP.uasset" 119
"../../../Engine/Content/EngineDebugMaterials/WireframeMaterial.uasset" 120
"../../../Engine/Content/EngineFonts/Faces/RobotoBold.uasset" 121
"../../../Engine/Content/EngineFonts/Faces/RobotoBoldItalic.uasset" 122
"../../../Engine/Content/EngineFonts/Faces/RobotoItalic.uasset" 123
"../../../Engine/Content/EngineFonts/Faces/RobotoLight.uasset" 124
"../../../Engine/Content/EngineFonts/Faces/RobotoRegular.uasset" 125
"../../../Engine/Content/EngineFonts/Roboto.uasset" 126
"../../../Engine/Content/EngineFonts/Faces/RobotoTiny.uasset" 127
"../../../Engine/Content/EngineFonts/RobotoTiny.uasset" 128
"../../../Engine/Content/EngineMaterials/BaseFlattenMaterial.uasset" 129
"../../../Engine/Content/EngineMaterials/BlueNoise.uasset" 130
"../../../Engine/Content/EngineMaterials/DefaultBloomKernel.uasset" 131
"../../../Engine/Content/EngineMaterials/DefaultBokeh.uasset" 132
"../../../Engine/Content/EngineMaterials/DefaultDiffuse.uasset" 133
"../../../Engine/Content/EngineMaterials/DefaultDeferredDecalMaterial.uasset" 134
"../../../Engine/Content/EngineMaterials/DefaultLightFunctionMaterial.uasset" 135
"../../../Engine/Content/EngineMaterials/DefaultPhysicalMaterial.uasset" 136
"../../../Engine/Content/Functions/Engine_MaterialFunctions02/Utility/BreakOutFloat2Components.uasset" 137
"../../../Engine/Content/EngineMaterials/DefaultPostProcessMaterial.uasset" 138
"../../../Engine/Content/EngineFonts/RobotoDistanceField.uasset" 139
"../../../Engine/Content/EngineMaterials/DefaultTextMaterialOpaque.uasset" 140
"../../../Engine/Content/EngineMaterials/DefaultVirtualTextureMaterial.uasset" 141
"../../../Engine/Content/EngineMaterials/DefaultWhiteGrid.uasset" 142
"../../../Engine/Content/EngineMaterials/EditorBrushMaterial.uasset" 143
"../../../Engine/Content/EngineMaterials/DefaultWhiteGrid_Low.uasset" 144
"../../../Engine/Content/EngineMaterials/EmissiveMeshMaterial.uasset" 145
"../../../Engine/Content/EngineMaterials/Good64x64TilingNoiseHighFreq.uasset" 146
"../../../Engine/Content/EngineMaterials/MiniFont.uasset" 147
"../../../Engine/Content/EngineMaterials/InvalidLightmapSettings.uasset" 148
"../../../Engine/Content/EngineMaterials/M_InvalidLightmapSettings.uasset" 149
"../../../Engine/Content/Functions/Engine_MaterialFunctions02/WorldPositionOffset/CameraOffset.uasset" 150
"../../../Engine/Content/EngineMaterials/PhAT_JointLimitMaterial.uasset" 151
"../../../Engine/Content/EngineMaterials/PreintegratedSkinBRDF.uasset" 152
"../../../Engine/Content/EngineMaterials/RemoveSurfaceMaterial.uasset" 153
"../../../Engine/Content/EngineMaterials/WeightMapPlaceholderTexture.uasset" 154
"../../../Engine/Content/EngineResources/WhiteSquareTexture.uasset" 155
"../../../Engine/Content/EngineMaterials/Widget3DPassThrough.uasset" 156
"../../../Engine/Content/EngineMaterials/Widget3DPassThrough_Masked.uasset" 157
"../../../Engine/Content/EngineMaterials/Widget3DPassThrough_Opaque.uasset" 158
"../../../Engine/Content/EngineMaterials/Widget3DPassThrough_Masked_OneSided.uasset" 159
"../../../Engine/Content/EngineMaterials/Widget3DPassThrough_Opaque_OneSided.uasset" 160
"../../../Engine/Content/EngineMaterials/Widget3DPassThrough_Translucent.uasset" 161
"../../../Engine/Content/EngineMaterials/Widget3DPassThrough_Translucent_OneSided.uasset" 162
"../../../Engine/Content/EngineMeshes/Cylinder.uasset" 163
"../../../Engine/Content/EngineMeshes/Sphere.uasset" 164
"../../../Engine/Content/EngineResources/Black.uasset" 165
"../../../Engine/Content/EngineResources/DefaultTexture.uasset" 166
"../../../Engine/Content/EngineResources/DefaultTextureCube.uasset" 167
"../../../Engine/Content/EngineResources/DefaultVolumeTexture2D.uasset" 168
"../../../Engine/Content/EngineResources/DefaultVolumeTexture.uasset" 169
"../../../Engine/Content/EngineResources/GradientTexture0.uasset" 170
"../../../Engine/Content/EngineSounds/Master.uasset" 171
"../../../Engine/Content/Functions/Engine_MaterialFunctions01/Shading/ConvertFromDiffSpec.uasset" 172
"../../../Engine/Content/Functions/Engine_MaterialFunctions01/Shading/PowerToRoughness.uasset" 173
"../../../Engine/Content/Maps/Templates/Thumbnails/Default.uasset" 174
"../../../Engine/Content/Maps/Templates/Thumbnails/VR-Basic.uasset" 175
"../../../Engine/Content/MobileResources/T_MobileControls_texture.uasset" 176
"../../../Engine/Content/MobileResources/T_MobileMenu2.uasset" 177
"../../../Engine/Content/MobileResources/HUD/AnalogHat.uasset" 178
"../../../Engine/Content/MobileResources/HUD/VirtualJoystick_Background.uasset" 179
"../../../Engine/Content/MobileResources/HUD/VirtualJoystick_Thumb.uasset" 180
"../../../Engine/Content/MobileResources/HUD/DefaultVirtualJoysticks.uasset" 181
"../../../Engine/Content/MobileResources/HUD/LeftVirtualJoystickOnly.uasset" 182
"../../../Engine/Content/MobileResources/HUD/MobileHUDButton1_off.uasset" 183
"../../../Engine/Content/MobileResources/HUD/MobileHUDButton1_on.uasset" 184
"../../../Engine/Content/MobileResources/HUD/MobileHUDButton2_off.uasset" 185
"../../../Engine/Content/MobileResources/HUD/MobileHUDButton2_on.uasset" 186
"../../../Engine/Content/MobileResources/HUD/MobileHUDButton3.uasset" 187
"../../../Engine/Content/MobileResources/HUD/MobileHUDButtonFire.uasset" 188
"../../../Engine/Content/MobileResources/HUD/MobileHUDDirectionPad.uasset" 189
"../../../Engine/Content/MobileResources/HUD/MobileHUDDirectionPad2.uasset" 190
"../../../Engine/Content/MobileResources/HUD/MobileHUDDirectionPad3.uasset" 191
"../../../Engine/Content/MobileResources/HUD/MobileHUDDirectionStick.uasset" 192
"../../../Engine/Content/MobileResources/HUD/T_Castle_ThumbstickInner.uasset" 193
"../../../Engine/Content/MobileResources/HUD/T_Castle_ThumbstickOutter.uasset" 194
"../../../Engine/Content/Tutorial/ContentIntroCurve.uasset" 195
"../../../Engine/Content/VREditor/LaserPointer/VR_LaserPower_01.uasset" 196
"../../../Engine/Content/VREditor/TransformGizmo/TransformGizmoMaterial.uasset" 197
"../../../Engine/Content/VREditor/TransformGizmo/TranslucentTransformGizmoMaterial.uasset" 198
"../../../Engine/Content/VREditor/TransformGizmo/BoundingBoxCorner.uasset" 199
"../../../Engine/Content/VREditor/TransformGizmo/BoundingBoxEdge.uasset" 200
"../../../Engine/Content/VREditor/TransformGizmo/PlaneTranslationHandle.uasset" 201
"../../../Engine/Content/VREditor/TransformGizmo/Main.uasset" 202
"../../../Engine/Content/VREditor/TransformGizmo/Xray.uasset" 203
"../../../Engine/Content/VREditor/TransformGizmo/SM_Sequencer_Key.uasset" 204
"../../../Engine/Content/VREditor/TransformGizmo/SM_Sequencer_Node.uasset" 205
"../../Plugins/2D/Paper2D/Content/PlaceholderTextures/DummySpriteTexture.uasset" 206
"../../Plugins/2D/Paper2D/Content/DummySprite.uasset" 207
"../../Plugins/2D/Paper2D/Content/DefaultPaperTerrainMaterial.uasset" 208
"../../Plugins/2D/Paper2D/Content/DummySpriteTexture.uasset" 209
"../../Plugins/2D/Paper2D/Content/DefaultSpriteMaterial.uasset" 210
"../../Plugins/2D/Paper2D/Content/MaskedUnlitSpriteMaterial.uasset" 211
"../../Plugins/2D/Paper2D/Content/OpaqueUnlitSpriteMaterial.uasset" 212
"../../Plugins/Runtime/Oculus/OculusVR/Content/OculusMR_RenderTarget.uasset" 213
"../../../Engine/Content/Functions/Engine_MaterialFunctions02/Utility/BreakOutFloat4Components.uasset" 214
"../../../Engine/Content/Functions/Engine_MaterialFunctions02/Utility/MakeFloat2.uasset" 215
"../../../Engine/Content/Functions/Engine_MaterialFunctions02/Utility/MakeFloat3.uasset" 216
"../../Plugins/Runtime/Oculus/OculusVR/Content/Materials/OculusMR_ChromaKey.uasset" 217
"../../Plugins/Runtime/Oculus/OculusVR/Content/Materials/OculusMR_ChromaKey_Lit.uasset" 218
"../../Plugins/Runtime/Oculus/OculusVR/Content/Materials/OculusMR_OpaqueColoredMaterial.uasset" 219
"../../Plugins/Runtime/Oculus/OculusVR/Content/Materials/OculusMR_WhiteMaterial.uasset" 220
"../../../Engine/Content/EngineSky/C_Sky_Cloud_Color.uasset" 221
"../../../Engine/Content/EngineSky/C_Sky_Horizon_Color.uasset" 222
"../../../Engine/Content/EngineSky/C_Sky_Zenith_Color.uasset" 223
"../../../Engine/Content/EngineSky/T_Sky_Blue.uasset" 224
"../../../Engine/Content/EngineSky/T_Sky_Clouds_M.uasset" 225
"../../../Engine/Content/EngineSky/T_Sky_Stars.uasset" 226
"../../../Engine/Content/EngineSky/M_Sky_Panning_Clouds2.uasset" 227
"../../../Engine/Content/EngineSky/SM_SkySphere.uasset" 228
"../../../Engine/Content/EngineSky/BP_Sky_Sphere.uasset" 229
"D:/1800005/Unit 2 Game Jam/MyProject/Content/CharacterTesting_BuiltData.uasset" 230
"../../../Engine/Content/MapTemplates/SM_Template_Map_Floor.uasset" 231
"D:/1800005/Unit 2 Game Jam/MyProject/Content/CharacterTesting.umap" 232
"D:/1800005/Unit 2 Game Jam/MyProject/Content/Blueprints/Managers/EndScreenWidget.uasset" 233
"D:/1800005/Unit 2 Game Jam/MyProject/Content/Blueprints/Managers/EndHUD.uasset" 234
"D:/1800005/Unit 2 Game Jam/MyProject/Content/Blueprints/Managers/EndMenu.uasset" 235
"D:/1800005/Unit 2 Game Jam/MyProject/Content/EndMenu.umap" 236
"D:/1800005/Unit 2 Game Jam/MyProject/Content/Blueprints/Actors/Nature/Entities/FireStarter.uasset" 237
"D:/1800005/Unit 2 Game Jam/MyProject/Content/Blueprints/Actors/Nature/Entities/TreeFoliageManagerComponent.uasset" 238
"D:/1800005/Unit 2 Game Jam/MyProject/Content/Blueprints/Actors/Nature/BurntTreeFoliageComponent.uasset" 239
"D:/1800005/Unit 2 Game Jam/MyProject/Content/Blueprints/Actors/Nature/BurntTreeFoliageComponent_A.uasset" 240
"D:/1800005/Unit 2 Game Jam/MyProject/Content/Blueprints/Actors/Nature/BurntTreeFoliageComponent_B.uasset" 241
"../../../Engine/Content/BasicShapes/Cylinder.uasset" 242
"D:/1800005/Unit 2 Game Jam/MyProject/Content/Blueprints/Characters/Character_Base_BP.uasset" 243
"D:/1800005/Unit 2 Game Jam/MyProject/Content/Particles/Water/Water_Base.uasset" 244
"../../../Engine/Content/Functions/Engine_MaterialFunctions01/Density/ExponentialDensity.uasset" 245
"../../../Engine/Content/Functions/Engine_MaterialFunctions01/Gradient/RadialGradientExponential.uasset" 246
"D:/1800005/Unit 2 Game Jam/MyProject/Content/Particles/Water/watersmoke_M.uasset" 247
"D:/1800005/Unit 2 Game Jam/MyProject/Content/Particles/Water/Water_Low.uasset" 248
"D:/1800005/Unit 2 Game Jam/MyProject/Content/Particles/Water/WaterParticle.uasset" 249
"D:/1800005/Unit 2 Game Jam/MyProject/Content/Blueprints/Actors/Tools/Water_PlaceHolder_BP.uasset" 250
"D:/1800005/Unit 2 Game Jam/MyProject/Content/Blueprints/Actors/Tools/Water_Tool_BP.uasset" 251
"D:/1800005/Unit 2 Game Jam/MyProject/Content/Models/Tools/Gardener_Tools/Seeds/Acorn_Base.uasset" 252
"D:/1800005/Unit 2 Game Jam/MyProject/Content/Models/Tools/Gardener_Tools/Seeds/Acorn_Shine.uasset" 253
"D:/1800005/Unit 2 Game Jam/MyProject/Content/Models/Tools/Gardener_Tools/Seeds/Acorn.uasset" 254
"D:/1800005/Unit 2 Game Jam/MyProject/Content/Blueprints/Actors/Nature/Seed_BP.uasset" 255
"D:/1800005/Unit 2 Game Jam/MyProject/Content/Models/Players/M_gardener.uasset" 256
"D:/1800005/Unit 2 Game Jam/MyProject/Content/Models/Players/SM_gardener.uasset" 257
"D:/1800005/Unit 2 Game Jam/MyProject/Content/Blueprints/Characters/Gardener_BP.uasset" 258
"D:/1800005/Unit 2 Game Jam/MyProject/Content/Models/Players/SM_fire_fighter.uasset" 259
"D:/1800005/Unit 2 Game Jam/MyProject/Content/Blueprints/Characters/Firefighter_BP.uasset" 260
"D:/1800005/Unit 2 Game Jam/MyProject/Content/Blueprints/Managers/FireManager.uasset" 261
"D:/1800005/Unit 2 Game Jam/MyProject/Content/Blueprints/Managers/Water_Tank_UI.uasset" 262
"D:/1800005/Unit 2 Game Jam/MyProject/Content/Blueprints/Managers/Water_Tank_UI_back__1_.uasset" 263
"D:/1800005/Unit 2 Game Jam/MyProject/Content/Blueprints/Managers/InGameHudWidget.uasset" 264
"D:/1800005/Unit 2 Game Jam/MyProject/Content/Blueprints/Managers/StallHUD.uasset" 265
"D:/1800005/Unit 2 Game Jam/MyProject/Content/Blueprints/Managers/InGameHUD.uasset" 266
"D:/1800005/Unit 2 Game Jam/MyProject/Content/Blueprints/Managers/FiremanSamGameMode.uasset" 267
"D:/1800005/Unit 2 Game Jam/MyProject/Content/Blueprints/Managers/Camera_Test.uasset" 268
"D:/1800005/Unit 2 Game Jam/MyProject/Content/NewMap_BuiltData.uasset" 269
"D:/1800005/Unit 2 Game Jam/MyProject/Content/Models/Nature/Grass/2.uasset" 270
"D:/1800005/Unit 2 Game Jam/MyProject/Content/Models/Nature/Grass/2_Mat.uasset" 271
"D:/1800005/Unit 2 Game Jam/MyProject/Content/Models/Nature/Grass/3.uasset" 272
"D:/1800005/Unit 2 Game Jam/MyProject/Content/Models/Nature/Grass/3_Mat.uasset" 273
"D:/1800005/Unit 2 Game Jam/MyProject/Content/Models/Nature/Misc/Fence_Prestine.uasset" 274
"D:/1800005/Unit 2 Game Jam/MyProject/Content/Models/Nature/Trees/tree_burnt.uasset" 275
"D:/1800005/Unit 2 Game Jam/MyProject/Content/NewMap.umap" 276
"D:/1800005/Unit 2 Game Jam/MyProject/Content/Blueprints/Managers/StartWidget.uasset" 277
"D:/1800005/Unit 2 Game Jam/MyProject/Content/Blueprints/Managers/StartMenuHUD.uasset" 278
"D:/1800005/Unit 2 Game Jam/MyProject/Content/Blueprints/Managers/StartMenu.uasset" 279
"D:/1800005/Unit 2 Game Jam/MyProject/Content/StartMenu.umap" 280
"D:/1800005/Unit 2 Game Jam/MyProject/Content/Models/Nature/Trees/tree_FoliageType.uasset" 281
"D:/1800005/Unit 2 Game Jam/MyProject/Content/Untitled_BuiltData.uasset" 282
"D:/1800005/Unit 2 Game Jam/MyProject/Content/Untitled.umap" 283
"../../../Engine/Content/Maps/Entry_BuiltData.uasset" 284
"../../../Engine/Content/Maps/Entry.umap" 285
